Determining if the pthread_create exist failed with the following output:
Change Dir: /root/pdf_cloned/app/poppler-0.73.0/build/CMakeFiles/CMakeTmp

Run Build Command:"/usr/bin/make" "cmTC_e6664/fast"
/usr/bin/make -f CMakeFiles/cmTC_e6664.dir/build.make CMakeFiles/cmTC_e6664.dir/build
make[1]: Entering directory '/root/pdf_cloned/app/poppler-0.73.0/build/CMakeFiles/CMakeTmp'
Building C object CMakeFiles/cmTC_e6664.dir/CheckSymbolExists.c.o
/usr/bin/cc   -std=c99 -D_DEFAULT_SOURCE    -o CMakeFiles/cmTC_e6664.dir/CheckSymbolExists.c.o   -c /root/pdf_cloned/app/poppler-0.73.0/build/CMakeFiles/CMakeTmp/CheckSymbolExists.c
Linking C executable cmTC_e6664
/usr/bin/cmake -E cmake_link_script CMakeFiles/cmTC_e6664.dir/link.txt --verbose=1
/usr/bin/cc -std=c99 -D_DEFAULT_SOURCE     -rdynamic CMakeFiles/cmTC_e6664.dir/CheckSymbolExists.c.o  -o cmTC_e6664 
CMakeFiles/cmTC_e6664.dir/CheckSymbolExists.c.o: In function `main':
CheckSymbolExists.c:(.text+0x1b): undefined reference to `pthread_create'
collect2: error: ld returned 1 exit status
CMakeFiles/cmTC_e6664.dir/build.make:97: recipe for target 'cmTC_e6664' failed
make[1]: *** [cmTC_e6664] Error 1
make[1]: Leaving directory '/root/pdf_cloned/app/poppler-0.73.0/build/CMakeFiles/CMakeTmp'
Makefile:126: recipe for target 'cmTC_e6664/fast' failed
make: *** [cmTC_e6664/fast] Error 2

File /root/pdf_cloned/app/poppler-0.73.0/build/CMakeFiles/CMakeTmp/CheckSymbolExists.c:
/* */
#include <pthread.h>

int main(int argc, char** argv)
{
  (void)argv;
#ifndef pthread_create
  return ((int*)(&pthread_create))[argc];
#else
  (void)argc;
  return 0;
#endif
}

